emoji/build/intermediates/manifest_merge_blame_file/release/manifest-merger-blame-release-report.txt
1<?xml version="1.0" encoding="utf-8"?>
2<manifest xmlns:android="http://schemas.android.com/apk/res/android"
3    package="com.tb.emoji" >
4
5    <uses-sdk
5-->src\main\AndroidManifest.xml:4:5-6:41
6        android:minSdkVersion="1"
6-->src\main\AndroidManifest.xml:5:9-35
7        android:targetSdkVersion="21" />
7-->src\main\AndroidManifest.xml:6:9-38
8
9</manifest>